2025-04-23T01:47:02.1440831+02:00 OptimizeCommand fired
2025-04-23T01:47:02.1496453+02:00  season=1, metric=Cost
2025-04-23T01:47:02.1685838+02:00  costList=0, emisList=0
2025-04-23T01:47:02.1704294+02:00  Writing CSV to C:\Users\Mihai\Documents\GitHub\HeatHavn7\Data\optimization_results.csv
2025-04-23T01:47:02.1715277+02:00  Wrote 0 cost rows
2025-04-23T01:47:02.1722586+02:00  done updating series
2025-04-23T01:51:00.4489991+02:00 OptimizeCommand fired
2025-04-23T01:51:00.4537001+02:00  season=2, metric=Cost
2025-04-23T01:51:00.4762031+02:00  costList=27, emisList=27
2025-04-23T01:51:00.4777462+02:00  Writing CSV to C:\Users\Mihai\Documents\GitHub\HeatHavn7\Data\optimization_results.csv
2025-04-23T01:51:00.5176684+02:00  Wrote 27 cost rows
2025-04-23T01:51:00.5186707+02:00  done updating series
2025-04-23T01:52:08.3547271+02:00 OptimizeCommand fired
2025-04-23T01:52:08.3592547+02:00  season=2, metric=Cost
2025-04-23T01:52:08.3815921+02:00  costList=7, emisList=7
2025-04-23T01:52:08.3830016+02:00  Writing CSV to C:\Users\Mihai\Documents\GitHub\HeatHavn7\Data\optimization_results.csv
2025-04-23T01:52:08.3868731+02:00  Wrote 7 cost rows
2025-04-23T01:52:08.3876282+02:00  done updating series
2025-04-23T01:54:56.3393305+02:00 OptimizeCommand fired
2025-04-23T01:54:56.3443623+02:00  season=2, metric=Emissions
2025-04-23T01:54:56.3782496+02:00  costList=139, emisList=139
2025-04-23T01:54:56.3804494+02:00  Writing CSV to C:\Users\Mihai\Documents\GitHub\HeatHavn7\Data\optimization_results.csv
2025-04-23T01:54:56.3848779+02:00  Wrote 139 emission rows
2025-04-23T01:54:56.3859111+02:00  done updating series
2025-04-23T01:55:49.7764948+02:00 OptimizeCommand fired
2025-04-23T01:55:49.7809400+02:00  season=2, metric=Cost
2025-04-23T01:55:49.8032640+02:00  costList=143, emisList=143
2025-04-23T01:55:49.8050895+02:00  Writing CSV to C:\Users\Mihai\Documents\GitHub\HeatHavn7\Data\optimization_results.csv
2025-04-23T01:55:49.8098539+02:00  Wrote 143 cost rows
2025-04-23T01:55:49.8107536+02:00  done updating series
2025-04-23T01:58:47.2675392+02:00 OptimizeCommand fired
2025-04-23T01:58:47.2722174+02:00  season=2, metric=Cost
2025-04-23T01:58:47.2926498+02:00  costList=0, emisList=0
2025-04-23T01:58:47.2946302+02:00  Writing CSV to C:\Users\Mihai\Documents\GitHub\HeatHavn7\Data\optimization_results.csv
2025-04-23T01:58:47.2958085+02:00  Wrote 0 cost rows
2025-04-23T01:58:47.2966247+02:00  done updating series
2025-04-23T02:00:39.3880576+02:00 OptimizeCommand fired
2025-04-23T02:00:39.3937580+02:00  season=2, metric=Cost
2025-04-23T02:00:39.4175941+02:00  costList=166, emisList=166
2025-04-23T02:00:39.4192009+02:00  Writing CSV to C:\Users\Mihai\Documents\GitHub\HeatHavn7\Data\optimization_results.csv
2025-04-23T02:00:39.4242125+02:00  Wrote 166 cost rows
2025-04-23T02:00:39.4250240+02:00  done updating series
2025-04-23T02:01:49.3213417+02:00 OptimizeCommand fired
2025-04-23T02:01:49.3264619+02:00  season=2, metric=Cost
2025-04-23T02:01:49.3541599+02:00  costList=0, emisList=0
2025-04-23T02:01:49.3558841+02:00  Writing CSV to C:\Users\Mihai\Documents\GitHub\HeatHavn7\Data\optimization_results.csv
2025-04-23T02:01:49.3569916+02:00  Wrote 0 cost rows
2025-04-23T02:01:49.3579670+02:00  done updating series
2025-04-23T02:02:28.5960660+02:00 OptimizeCommand fired
2025-04-23T02:02:28.6012318+02:00  season=1, metric=Cost
2025-04-23T02:02:28.6239841+02:00  costList=0, emisList=0
2025-04-23T02:02:28.6256727+02:00  Writing CSV to C:\Users\Mihai\Documents\GitHub\HeatHavn7\Data\optimization_results.csv
2025-04-23T02:02:28.6268347+02:00  Wrote 0 cost rows
2025-04-23T02:02:28.6276025+02:00  done updating series
2025-04-23T02:02:51.0683190+02:00 OptimizeCommand fired
2025-04-23T02:02:51.0734525+02:00  season=2, metric=Cost
2025-04-23T02:02:51.0956109+02:00  costList=10, emisList=10
2025-04-23T02:02:51.0977471+02:00  Writing CSV to C:\Users\Mihai\Documents\GitHub\HeatHavn7\Data\optimization_results.csv
2025-04-23T02:02:51.1013453+02:00  Wrote 10 cost rows
2025-04-23T02:02:51.1021181+02:00  done updating series
2025-04-23T02:07:11.4240642+02:00 OptimizeCommand fired
2025-04-23T02:07:11.4287905+02:00  season=1, metric=Cost
2025-04-23T02:07:11.4541400+02:00  costList=0, emisList=0
2025-04-23T02:07:11.4558735+02:00  Writing CSV to C:\Users\Mihai\Documents\GitHub\HeatHavn7\Data\optimization_results.csv
2025-04-23T02:07:11.4570389+02:00  Wrote 0 cost rows
2025-04-23T02:07:11.4579232+02:00  done updating series
2025-04-23T02:08:36.7797490+02:00 OptimizeCommand fired
2025-04-23T02:08:36.7841924+02:00  season=1, metric=Cost
2025-04-23T02:08:36.8025652+02:00  costList=0, emisList=0
2025-04-23T02:08:36.8040045+02:00  Writing CSV to C:\Users\Mihai\Documents\GitHub\HeatHavn7\Data\optimization_results.csv
2025-04-23T02:08:36.8050271+02:00  Wrote 0 cost rows
2025-04-23T02:08:36.8058427+02:00  done updating series
2025-04-23T02:08:53.8051696+02:00 OptimizeCommand fired
2025-04-23T02:08:53.8100209+02:00  season=2, metric=Cost
2025-04-23T02:08:53.8343507+02:00  costList=96, emisList=96
2025-04-23T02:08:53.8361219+02:00  Writing CSV to C:\Users\Mihai\Documents\GitHub\HeatHavn7\Data\optimization_results.csv
2025-04-23T02:08:53.8409364+02:00  Wrote 96 cost rows
2025-04-23T02:08:53.8418319+02:00  done updating series
2025-04-23T02:10:25.2521421+02:00 OptimizeCommand fired
2025-04-23T02:10:25.2567160+02:00  season=2, metric=Cost
2025-04-23T02:10:25.2785369+02:00  costList=7, emisList=7
2025-04-23T02:10:25.2803479+02:00  Writing CSV to C:\Users\Mihai\Documents\GitHub\HeatHavn7\Data\optimization_results.csv
2025-04-23T02:10:25.2835781+02:00  Wrote 7 cost rows
2025-04-23T02:10:25.2844105+02:00  done updating series
2025-04-23T02:10:44.3330270+02:00 OptimizeCommand fired
2025-04-23T02:10:44.3388289+02:00  season=1, metric=Cost
2025-04-23T02:10:44.3589756+02:00  costList=0, emisList=0
2025-04-23T02:10:44.3611093+02:00  Writing CSV to C:\Users\Mihai\Documents\GitHub\HeatHavn7\Data\optimization_results.csv
2025-04-23T02:10:44.3623129+02:00  Wrote 0 cost rows
2025-04-23T02:10:44.3631729+02:00  done updating series
2025-04-23T10:12:28.4633099+02:00 Optimize fired: Month=March (3), season=2
2025-04-23T10:12:28.4900664+02:00  Writing CSV to C:\Users\Mihai\Documents\GitHub\HeatHavn7\Data\optimization_results.csv
2025-04-23T10:12:28.4949419+02:00  Wrote 7 cost rows
2025-04-23T10:12:28.4958406+02:00 done
2025-04-23T10:12:58.5099443+02:00 Optimize fired: Month=August (8), season=1
2025-04-23T10:12:58.5347634+02:00  Writing CSV to C:\Users\Mihai\Documents\GitHub\HeatHavn7\Data\optimization_results.csv
2025-04-23T10:12:58.5361998+02:00  Wrote 0 cost rows
2025-04-23T10:12:58.5370014+02:00 done
2025-04-23T10:25:15.9388024+02:00 Optimize fired: Month=August (8), season=1
2025-04-23T10:25:15.9596675+02:00  Writing CSV to C:\Users\Mihai\Documents\GitHub\HeatHavn7\Data\optimization_results.csv
2025-04-23T10:25:15.9609909+02:00  Wrote 0 cost rows
2025-04-23T10:25:15.9616323+02:00 done
2025-04-23T10:25:47.9279053+02:00 Optimize fired: Month=March (3), season=2
2025-04-23T10:25:47.9786740+02:00  Writing CSV to C:\Users\Mihai\Documents\GitHub\HeatHavn7\Data\optimization_results.csv
2025-04-23T10:25:47.9865337+02:00  Wrote 9 cost rows
2025-04-23T10:25:47.9873018+02:00 done
